<?xml version="1.0" encoding="UTF-8"?>
<!-- Generated by org.testng.reporters.JUnitReportReporter -->
<testsuite hostname="Bhupendras-MacBook-Pro.local" failures="1" tests="13" name="parkplus.Visitor" time="61.572" errors="0" timestamp="2020-07-11T15:18:27 IST" skipped="0">
  <testcase classname="parkplus.Visitor" name="open_visitor_login_page" time="2.868"/>
  <testcase classname="parkplus.Visitor" name="clear_phone_text_field" time="0.191"/>
  <testcase classname="parkplus.Visitor" name="input_phone_number_in_text_field" time="0.181"/>
  <testcase classname="parkplus.Visitor" name="Click_on_verify_button" time="18.949"/>
  <testcase classname="parkplus.Visitor" name="enter_otp_in_otp_boxes" time="10.967">
    <failure type="junit.framework.AssertionFailedError">
      <![CDATA[junit.framework.AssertionFailedError
at junit.framework.Assert.fail(Assert.java:55)
at junit.framework.Assert.assertTrue(Assert.java:22)
at junit.framework.Assert.assertTrue(Assert.java:31)
at common.TestBase.click(TestBase.java:355)
at parkplus.Visitor.enter_otp_in_otp_boxes(Visitor.java:74)
at java.base/jdk.internal.reflect.NativeMethodAccessorImpl.invoke0(Native Method)
at java.base/jdk.internal.reflect.NativeMethodAccessorImpl.invoke(NativeMethodAccessorImpl.java:62)
at java.base/jdk.internal.reflect.DelegatingMethodAccessorImpl.invoke(DelegatingMethodAccessorImpl.java:43)
at java.base/java.lang.reflect.Method.invoke(Method.java:564)
at org.testng.internal.MethodInvocationHelper.invokeMethod(MethodInvocationHelper.java:133)
at org.testng.internal.TestInvoker.invokeMethod(TestInvoker.java:584)
at org.testng.internal.TestInvoker.invokeTestMethod(TestInvoker.java:172)
at org.testng.internal.MethodRunner.runInSequence(MethodRunner.java:46)
at org.testng.internal.TestInvoker$MethodInvocationAgent.invoke(TestInvoker.java:804)
at org.testng.internal.TestInvoker.invokeTestMethods(TestInvoker.java:145)
at org.testng.internal.TestMethodWorker.invokeTestMethods(TestMethodWorker.java:146)
at org.testng.internal.TestMethodWorker.run(TestMethodWorker.java:128)
at java.base/java.util.ArrayList.forEach(ArrayList.java:1510)
at org.testng.TestRunner.privateRun(TestRunner.java:770)
at org.testng.TestRunner.run(TestRunner.java:591)
at org.testng.SuiteRunner.runTest(SuiteRunner.java:402)
at org.testng.SuiteRunner.runSequentially(SuiteRunner.java:396)
at org.testng.SuiteRunner.privateRun(SuiteRunner.java:355)
at org.testng.SuiteRunner.run(SuiteRunner.java:304)
at org.testng.SuiteRunnerWorker.runSuite(SuiteRunnerWorker.java:53)
at org.testng.SuiteRunnerWorker.run(SuiteRunnerWorker.java:96)
at org.testng.TestNG.runSuitesSequentially(TestNG.java:1180)
at org.testng.TestNG.runSuitesLocally(TestNG.java:1102)
at org.testng.TestNG.runSuites(TestNG.java:1032)
at org.testng.TestNG.run(TestNG.java:1000)
at org.testng.remote.AbstractRemoteTestNG.run(AbstractRemoteTestNG.java:115)
at org.testng.remote.RemoteTestNG.initAndRun(RemoteTestNG.java:251)
at org.testng.remote.RemoteTestNG.main(RemoteTestNG.java:77)
]]>
    </failure>
  </testcase> <!-- enter_otp_in_otp_boxes -->
  <testcase classname="parkplus.Visitor" name="submit_otp" time="1.014"/>
  <testcase classname="parkplus.Visitor" name="add_visitor" time="1.010"/>
  <testcase classname="parkplus.Visitor" name="accept_terms_and_conditions" time="1.016"/>
  <testcase classname="parkplus.Visitor" name="Confirm_terms_and_conditions_and_submit" time="1.016"/>
  <testcase classname="parkplus.Visitor" name="read_qr_go_to_home" time="21.325"/>
  <testcase classname="parkplus.Visitor" name="home_goto_my_bookings" time="1.012"/>
  <testcase classname="parkplus.Visitor" name="bookings_screen_shoping_parking_tab_switch" time="1.012"/>
  <testcase classname="parkplus.Visitor" name="go_back_from_my_bookings_to_home_screen" time="1.011"/>
</testsuite> <!-- parkplus.Visitor -->
